<?xml version="1.0" encoding="UTF-8"?>
<testng-results skipped="0" failed="0" total="4" passed="4">
  <reporter-output>
  </reporter-output>
  <suite name="Default suite" duration-ms="16998" started-at="2018-03-09T01:14:14Z" finished-at="2018-03-09T01:14:31Z">
    <groups>
    </groups>
    <test name="Default test" duration-ms="16998" started-at="2018-03-09T01:14:14Z" finished-at="2018-03-09T01:14:31Z">
      <class name="com.mavenjenkinsgit.mavenJenkinsGit.ClassWxample1">
        <test-method status="PASS" signature="test1()[pri:0, instance:com.mavenjenkinsgit.mavenJenkinsGit.ClassWxample1@6a4f787b]" name="test1" duration-ms="5571" started-at="2018-03-08T20:14:14Z" finished-at="2018-03-08T20:14:19Z">
          <reporter-output>
          </reporter-output>
        </test-method> <!-- test1 -->
        <test-method status="PASS" signature="test2()[pri:0, instance:com.mavenjenkinsgit.mavenJenkinsGit.ClassWxample1@6a4f787b]" name="test2" duration-ms="107" started-at="2018-03-08T20:14:19Z" finished-at="2018-03-08T20:14:19Z">
          <reporter-output>
          </reporter-output>
        </test-method> <!-- test2 -->
        <test-method status="PASS" signature="test3()[pri:0, instance:com.mavenjenkinsgit.mavenJenkinsGit.ClassWxample1@6a4f787b]" name="test3" duration-ms="86" started-at="2018-03-08T20:14:19Z" finished-at="2018-03-08T20:14:20Z">
          <reporter-output>
          </reporter-output>
        </test-method> <!-- test3 -->
        <test-method status="PASS" signature="test4()[pri:0, instance:com.mavenjenkinsgit.mavenJenkinsGit.ClassWxample1@6a4f787b]" name="test4" duration-ms="9099" started-at="2018-03-08T20:14:20Z" finished-at="2018-03-08T20:14:29Z">
          <reporter-output>
          </reporter-output>
        </test-method> <!-- test4 -->
        <test-method status="PASS" signature="afterclass()[pri:0, instance:com.mavenjenkinsgit.mavenJenkinsGit.ClassWxample1@6a4f787b]" name="afterclass" is-config="true" duration-ms="2096" started-at="2018-03-08T20:14:29Z" finished-at="2018-03-08T20:14:31Z">
          <reporter-output>
          </reporter-output>
        </test-method> <!-- afterclass -->
      </class> <!-- com.mavenjenkinsgit.mavenJenkinsGit.ClassWxample1 -->
    </test> <!-- Default test -->
  </suite> <!-- Default suite -->
</testng-results>
