<?xml version="1.0" encoding="UTF-8"?>
<testng-results skipped="0" failed="0" total="4" passed="4">
  <reporter-output>
  </reporter-output>
  <suite name="Default suite" duration-ms="17004" started-at="2018-03-09T22:32:17Z" finished-at="2018-03-09T22:32:34Z">
    <groups>
    </groups>
    <test name="Default test" duration-ms="17004" started-at="2018-03-09T22:32:17Z" finished-at="2018-03-09T22:32:34Z">
      <class name="com.mavenjenkinsgit.mavenJenkinsGit.ClassWxample1">
        <test-method status="PASS" signature="test1()[pri:0, instance:com.mavenjenkinsgit.mavenJenkinsGit.ClassWxample1@6a4f787b]" name="test1" duration-ms="6498" started-at="2018-03-09T17:32:17Z" finished-at="2018-03-09T17:32:24Z">
          <reporter-output>
          </reporter-output>
        </test-method> <!-- test1 -->
        <test-method status="PASS" signature="test2()[pri:0, instance:com.mavenjenkinsgit.mavenJenkinsGit.ClassWxample1@6a4f787b]" name="test2" duration-ms="176" started-at="2018-03-09T17:32:24Z" finished-at="2018-03-09T17:32:24Z">
          <reporter-output>
          </reporter-output>
        </test-method> <!-- test2 -->
        <test-method status="PASS" signature="test3()[pri:0, instance:com.mavenjenkinsgit.mavenJenkinsGit.ClassWxample1@6a4f787b]" name="test3" duration-ms="73" started-at="2018-03-09T17:32:24Z" finished-at="2018-03-09T17:32:24Z">
          <reporter-output>
          </reporter-output>
        </test-method> <!-- test3 -->
        <test-method status="PASS" signature="test4()[pri:0, instance:com.mavenjenkinsgit.mavenJenkinsGit.ClassWxample1@6a4f787b]" name="test4" duration-ms="8117" started-at="2018-03-09T17:32:24Z" finished-at="2018-03-09T17:32:32Z">
          <reporter-output>
          </reporter-output>
        </test-method> <!-- test4 -->
        <test-method status="PASS" signature="afterclass()[pri:0, instance:com.mavenjenkinsgit.mavenJenkinsGit.ClassWxample1@6a4f787b]" name="afterclass" is-config="true" duration-ms="2116" started-at="2018-03-09T17:32:32Z" finished-at="2018-03-09T17:32:34Z">
          <reporter-output>
          </reporter-output>
        </test-method> <!-- afterclass -->
      </class> <!-- com.mavenjenkinsgit.mavenJenkinsGit.ClassWxample1 -->
    </test> <!-- Default test -->
  </suite> <!-- Default suite -->
</testng-results>
